#
# A fatal error has been detected by the Java Runtime Environment:
#
#  EXCEPTION_ACCESS_VIOLATION (0xc0000005) at pc=0x00007ffd157f1f0f, pid=1804, tid=0x000000000000204c
#
# JRE version: Java(TM) SE Runtime Environment (8.0_191-b12) (build 1.8.0_191-b12)
# Java VM: Java HotSpot(TM) 64-Bit Server VM (25.191-b12 mixed mode windows-amd64 compressed oops)
# Problematic frame:
# C  [B2A6.tmp+0x1f0f]
#
# Failed to write core dump. Minidumps are not enabled by default on client versions of Windows
#
# If you would like to submit a bug report, please visit:
#   http://bugreport.java.com/bugreport/crash.jsp
#

---------------  T H R E A D  ---------------

Current thread (0x0000000018008800):  VMThread [stack: 0x0000000019cf0000,0x0000000019df0000] [id=8268]

siginfo: ExceptionCode=0xc0000005, reading address 0x00007ffd4a543000

Registers:
RAX=0x00007ffd4a542ff0, RBX=0x000000007ffe0385, RCX=0x00000000010e1bb8, RDX=0x0000000000000000
RSP=0x0000000019def630, RBP=0x0000000017e95400, RSI=0x00007ffd157f0000, RDI=0x0000000000000000
R8 =0x0000000000000001, R9 =0x00007ffd547bfab0, R10=0x000000007ffe0384, R11=0x0000000019def700
R12=0x00007ffd157f22e4, R13=0x0000000002dc1658, R14=0x0000000000000001, R15=0x0000000000000001
RIP=0x00007ffd157f1f0f, EFLAGS=0x0000000000010246

Top of Stack: (sp=0x0000000019def630)
0x0000000019def630:   0000000019fa56b0 0000000050154435
0x0000000019def640:   00000000501549dc 00007ffd54745013
0x0000000019def650:   0000000000000000 00007ffd157f21f9
0x0000000019def660:   0000000000000001 0000000050130000
0x0000000019def670:   0000000002dc1658 0000000050154641
0x0000000019def680:   0000000000000001 0000000017e95400
0x0000000019def690:   0000000000000000 0000000050130000
0x0000000019def6a0:   00007ffd157f0000 000000007ffe0384
0x0000000019def6b0:   0000000000000000 00007ffd547450a1
0x0000000019def6c0:   00007ffd157f0000 0000000000000000
0x0000000019def6d0:   0000000000000001 000000007ffe0385
0x0000000019def6e0:   0000000000000001 00007ffd5478af2c
0x0000000019def6f0:   000080b6dbafb200 00000000010700c0
0x0000000019def700:   0000000000000000 00007ffd157f22e4
0x0000000019def710:   0000000000000000 0000000001066a40
0x0000000019def720:   0000000002dc1600 00007ffd5478ab02 

Instructions: (pc=0x00007ffd157f1f0f)
0x00007ffd157f1eef:   01 00 00 00 48 83 c4 28 c3 85 d2 75 3a 83 3d 11
0x00007ffd157f1eff:   ac 01 00 01 75 31 48 8b 0d fc ab 01 00 48 8b 01
0x00007ffd157f1f0f:   ff 50 10 48 8b 0d ff ab 01 00 48 8b 01 ff 50 10
0x00007ffd157f1f1f:   48 8b 0d da ab 01 00 48 8b 01 ff 50 10 c7 05 de 


Register to memory mapping:

RAX=0x00007ffd4a542ff0 is an unknown value
RBX=0x000000007ffe0385 is an unknown value
RCX=0x00000000010e1bb8 is an unknown value
RDX=0x0000000000000000 is an unknown value
RSP=0x0000000019def630 is an unknown value
RBP=0x0000000017e95400 is an unknown value
RSI=0x00007ffd157f0000 is an unknown value
RDI=0x0000000000000000 is an unknown value
R8 =0x0000000000000001 is an unknown value
R9 =0x00007ffd547bfab0 is an unknown value
R10=0x000000007ffe0384 is an unknown value
R11=0x0000000019def700 is an unknown value
R12=0x00007ffd157f22e4 is an unknown value
R13=0x0000000002dc1658 is an unknown value
R14=0x0000000000000001 is an unknown value
R15=0x0000000000000001 is an unknown value


Stack: [0x0000000019cf0000,0x0000000019df0000],  sp=0x0000000019def630,  free space=1021k
Native frames: (J=compiled Java code, j=interpreted, Vv=VM code, C=native code)
C  [B2A6.tmp+0x1f0f]
C  [B2A6.tmp+0x21f9]
C  [ntdll.dll+0x250a1]
C  [ntdll.dll+0x6ab02]
C  [ntdll.dll+0x6a9ad]
C  [KERNEL32.DLL+0x1cd8a]
C  [msvcr100.dll+0x20ccd]
V  [jvm.dll+0x213e05]
V  [jvm.dll+0x24d0c7]
V  [jvm.dll+0x24c366]
V  [jvm.dll+0x24c801]
V  [jvm.dll+0x24ca1e]
V  [jvm.dll+0x29eb9a]
C  [msvcr100.dll+0x21d9f]
C  [msvcr100.dll+0x21e3b]
C  [KERNEL32.DLL+0x17bd4]
C  [ntdll.dll+0x6ced1]

VM_Operation (0x000000001cf1d570): Exit, mode: safepoint, requested by thread 0x000000001aed9000


---------------  P R O C E S S  ---------------

Java Threads: ( => current thread )
  0x0000000002dce000 JavaThread "DestroyJavaVM" [_thread_blocked, id=21444, stack(0x0000000002e40000,0x0000000002f40000)]
  0x000000001aed9000 JavaThread "AWT-EventQueue-0" [_thread_blocked, id=14424, stack(0x000000001ce20000,0x000000001cf20000)]
  0x000000001aebc800 JavaThread "AWT-Shutdown" [_thread_blocked, id=10608, stack(0x000000001b800000,0x000000001b900000)]
  0x000000001aebb800 JavaThread "Java2D Disposer" daemon [_thread_blocked, id=10944, stack(0x000000001b700000,0x000000001b800000)]
  0x0000000019fc9800 JavaThread "Service Thread" daemon [_thread_blocked, id=3540, stack(0x000000001aaf0000,0x000000001abf0000)]
  0x0000000019f2c000 JavaThread "C1 CompilerThread3" daemon [_thread_blocked, id=5236, stack(0x000000001a9f0000,0x000000001aaf0000)]
  0x0000000019f24000 JavaThread "C2 CompilerThread2" daemon [_thread_blocked, id=1856, stack(0x000000001a8f0000,0x000000001a9f0000)]
  0x0000000019f1c800 JavaThread "C2 CompilerThread1" daemon [_thread_blocked, id=2552, stack(0x000000001a7f0000,0x000000001a8f0000)]
  0x0000000019f19000 JavaThread "C2 CompilerThread0" daemon [_thread_blocked, id=17292, stack(0x000000001a6f0000,0x000000001a7f0000)]
  0x0000000019f17000 JavaThread "Attach Listener" daemon [_thread_blocked, id=21440, stack(0x000000001a5f0000,0x000000001a6f0000)]
  0x0000000019f16000 JavaThread "Signal Dispatcher" daemon [_thread_blocked, id=6348, stack(0x000000001a4f0000,0x000000001a5f0000)]
  0x0000000019f10800 JavaThread "Finalizer" daemon [_thread_blocked, id=20828, stack(0x000000001a2f0000,0x000000001a3f0000)]
  0x000000001800d800 JavaThread "Reference Handler" daemon [_thread_blocked, id=13180, stack(0x0000000019df0000,0x0000000019ef0000)]

Other Threads:
=>0x0000000018008800 VMThread [stack: 0x0000000019cf0000,0x0000000019df0000] [id=8268]

VM state:at safepoint (shutting down)

VM Mutex/Monitor currently owned by a thread:  ([mutex/lock_event])
[0x0000000002dcd060] Threads_lock - owner thread: 0x0000000018008800

Heap:
 PSYoungGen      total 38400K, used 7322K [0x00000000d5b80000, 0x00000000d8600000, 0x0000000100000000)
  eden space 33280K, 22% used [0x00000000d5b80000,0x00000000d62a6950,0x00000000d7c00000)
  from space 5120K, 0% used [0x00000000d8100000,0x00000000d8100000,0x00000000d8600000)
  to   space 5120K, 0% used [0x00000000d7c00000,0x00000000d7c00000,0x00000000d8100000)
 ParOldGen       total 87552K, used 0K [0x0000000081200000, 0x0000000086780000, 0x00000000d5b80000)
  object space 87552K, 0% used [0x0000000081200000,0x0000000081200000,0x0000000086780000)
 Metaspace       used 9432K, capacity 9622K, committed 9728K, reserved 1058816K
  class space    used 1156K, capacity 1224K, committed 1280K, reserved 1048576K

Card table byte_map: [0x0000000012400000,0x0000000012800000] byte_map_base: 0x0000000011ff7000

Marking Bits: (ParMarkBitMap*) 0x0000000077673e30
 Begin Bits: [0x00000000132b0000, 0x0000000015268000)
 End Bits:   [0x0000000015268000, 0x0000000017220000)

Polling page: 0x0000000001560000

CodeCache: size=245760Kb used=2363Kb max_used=2367Kb free=243396Kb
 bounds [0x0000000003040000, 0x00000000032b0000, 0x0000000012040000]
 total_blobs=1004 nmethods=552 adapters=365
 compilation: enabled

Compilation events (10 events):
Event: 25.712 Thread 0x0000000019f24000  548       4       javax.swing.JComponent::contains (27 bytes)
Event: 25.713 Thread 0x0000000019f24000 nmethod 548 0x00000000032902d0 code [0x0000000003290400, 0x0000000003290498]
Event: 25.734 Thread 0x0000000019f2c000  549       3       java.util.WeakHashMap::getTable (9 bytes)
Event: 25.734 Thread 0x0000000019f2c000 nmethod 549 0x000000000328ff10 code [0x0000000003290080, 0x0000000003290228]
Event: 25.734 Thread 0x0000000019f2c000  550   !   3       java.util.WeakHashMap::expungeStaleEntries (139 bytes)
Event: 25.734 Thread 0x0000000019f2c000 nmethod 550 0x000000000328ec10 code [0x000000000328ede0, 0x000000000328f8e8]
Event: 25.830 Thread 0x0000000019f2c000  551       3       java.util.WeakHashMap::maskNull (12 bytes)
Event: 25.831 Thread 0x0000000019f2c000 nmethod 551 0x000000000328e8d0 code [0x000000000328ea20, 0x000000000328ebb0]
Event: 25.831 Thread 0x0000000019f2c000  552       3       java.util.WeakHashMap::hash (28 bytes)
Event: 25.831 Thread 0x0000000019f2c000 nmethod 552 0x000000000328e450 code [0x000000000328e5c0, 0x000000000328e808]

GC Heap History (0 events):
No events

Deoptimization events (1 events):
Event: 0.190 Thread 0x0000000002dce000 Uncommon trap: reason=null_check action=make_not_entrant pc=0x00000000031a8c54 method=java.lang.String.equals(Ljava/lang/Object;)Z @ 8

Classes redefined (0 events):
No events

Internal exceptions (10 events):
Event: 0.029 Thread 0x0000000002dce000 Exception <a 'java/lang/NoSuchMethodError': Method sun.misc.Unsafe.prefetchRead(Ljava/lang/Object;J)V name or signature does not match> (0x00000000d5b87f98) thrown at [C:\re\workspace\8-2-build-windows-amd64-cygwin\jdk8u191\11896\hotspot\src\share\vm\prim
Event: 0.090 Thread 0x0000000002dce000 Exception <a 'java/security/PrivilegedActionException'> (0x00000000d5c0d178) thrown at [C:\re\workspace\8-2-build-windows-amd64-cygwin\jdk8u191\11896\hotspot\src\share\vm\prims\jvm.cpp, line 1435]
Event: 0.090 Thread 0x0000000002dce000 Exception <a 'java/security/PrivilegedActionException'> (0x00000000d5c0d388) thrown at [C:\re\workspace\8-2-build-windows-amd64-cygwin\jdk8u191\11896\hotspot\src\share\vm\prims\jvm.cpp, line 1435]
Event: 0.091 Thread 0x0000000002dce000 Exception <a 'java/security/PrivilegedActionException'> (0x00000000d5c10ff8) thrown at [C:\re\workspace\8-2-build-windows-amd64-cygwin\jdk8u191\11896\hotspot\src\share\vm\prims\jvm.cpp, line 1435]
Event: 0.091 Thread 0x0000000002dce000 Exception <a 'java/security/PrivilegedActionException'> (0x00000000d5c11208) thrown at [C:\re\workspace\8-2-build-windows-amd64-cygwin\jdk8u191\11896\hotspot\src\share\vm\prims\jvm.cpp, line 1435]
Event: 0.095 Thread 0x0000000002dce000 Exception <a 'java/io/FileNotFoundException'> (0x00000000d5c137a0) thrown at [C:\re\workspace\8-2-build-windows-amd64-cygwin\jdk8u191\11896\hotspot\src\share\vm\prims\jni.cpp, line 709]
Event: 0.124 Thread 0x0000000002dce000 Exception <a 'java/lang/NoSuchFieldError': method resolution failed> (0x00000000d5d8a968) thrown at [C:\re\workspace\8-2-build-windows-amd64-cygwin\jdk8u191\11896\hotspot\src\share\vm\prims\methodHandles.cpp, line 1167]
Event: 0.125 Thread 0x0000000002dce000 Exception <a 'java/lang/NoSuchFieldError': method resolution failed> (0x00000000d5d97d38) thrown at [C:\re\workspace\8-2-build-windows-amd64-cygwin\jdk8u191\11896\hotspot\src\share\vm\prims\methodHandles.cpp, line 1167]
Event: 0.161 Thread 0x0000000002dce000 Exception <a 'java/io/FileNotFoundException'> (0x00000000d5e30df8) thrown at [C:\re\workspace\8-2-build-windows-amd64-cygwin\jdk8u191\11896\hotspot\src\share\vm\prims\jni.cpp, line 709]
Event: 0.190 Thread 0x0000000002dce000 Implicit null exception at 0x00000000031a8a9b to 0x00000000031a8c45

Events (10 events):
Event: 2.015 loading class java/awt/LightweightDispatcher$2
Event: 2.015 loading class java/awt/LightweightDispatcher$2 done
Event: 4.133 Executing VM operation: EnableBiasedLocking
Event: 4.134 Executing VM operation: EnableBiasedLocking done
Event: 61.176 Thread 0x000000001b01a800 Thread added: 0x000000001b01a800
Event: 61.176 Thread 0x000000001b01b800 Thread added: 0x000000001b01b800
Event: 61.177 Thread 0x000000001b01b800 Thread exited: 0x000000001b01b800
Event: 61.212 Thread 0x000000001ae6a000 Thread exited: 0x000000001ae6a000
Event: 61.278 Thread 0x000000001b01a800 Thread exited: 0x000000001b01a800
Event: 61.279 Executing VM operation: Exit


Dynamic libraries:
0x00007ff77b5b0000 - 0x00007ff77b5e7000 	C:\Program Files\Java\jre1.8.0_191\bin\javaw.exe
0x00007ffd54720000 - 0x00007ffd54910000 	C:\WINDOWS\SYSTEM32\ntdll.dll
0x00007ffd52c00000 - 0x00007ffd52cb2000 	C:\WINDOWS\System32\KERNEL32.DLL
0x00007ffd522f0000 - 0x00007ffd52593000 	C:\WINDOWS\System32\KERNELBASE.dll
0x00007ffd53bc0000 - 0x00007ffd53c63000 	C:\WINDOWS\System32\ADVAPI32.dll
0x00007ffd532a0000 - 0x00007ffd5333e000 	C:\WINDOWS\System32\msvcrt.dll
0x00007ffd534c0000 - 0x00007ffd53557000 	C:\WINDOWS\System32\sechost.dll
0x00007ffd527d0000 - 0x00007ffd528f0000 	C:\WINDOWS\System32\RPCRT4.dll
0x00007ffd535e0000 - 0x00007ffd53774000 	C:\WINDOWS\System32\USER32.dll
0x00007ffd522c0000 - 0x00007ffd522e1000 	C:\WINDOWS\System32\win32u.dll
0x00007ffd53dd0000 - 0x00007ffd53df6000 	C:\WINDOWS\System32\GDI32.dll
0x00007ffd51790000 - 0x00007ffd51924000 	C:\WINDOWS\System32\gdi32full.dll
0x00007ffd51930000 - 0x00007ffd519ce000 	C:\WINDOWS\System32\msvcp_win.dll
0x00007ffd526d0000 - 0x00007ffd527ca000 	C:\WINDOWS\System32\ucrtbase.dll
0x00007ffd402f0000 - 0x00007ffd40575000 	C:\WINDOWS\WinSxS\amd64_microsoft.windows.common-controls_6595b64144ccf1df_6.0.18362.418_none_e6c6b287130d565d\COMCTL32.dll
0x00007ffd53780000 - 0x00007ffd53ab6000 	C:\WINDOWS\System32\combase.dll
0x00007ffd525a0000 - 0x00007ffd52620000 	C:\WINDOWS\System32\bcryptPrimitives.dll
0x00007ffd53130000 - 0x00007ffd5315e000 	C:\WINDOWS\System32\IMM32.DLL
0x0000000050000000 - 0x00000000500d2000 	C:\Program Files\Java\jre1.8.0_191\bin\msvcr100.dll
0x0000000076e50000 - 0x00000000776f4000 	C:\Program Files\Java\jre1.8.0_191\bin\server\jvm.dll
0x00007ffd53290000 - 0x00007ffd53298000 	C:\WINDOWS\System32\PSAPI.DLL
0x00007ffd35030000 - 0x00007ffd35039000 	C:\WINDOWS\SYSTEM32\WSOCK32.dll
0x00007ffd482e0000 - 0x00007ffd482ea000 	C:\WINDOWS\SYSTEM32\VERSION.dll
0x00007ffd4d6d0000 - 0x00007ffd4d6f4000 	C:\WINDOWS\SYSTEM32\WINMM.dll
0x00007ffd53210000 - 0x00007ffd5327f000 	C:\WINDOWS\System32\WS2_32.dll
0x00007ffd4cfe0000 - 0x00007ffd4d00d000 	C:\WINDOWS\SYSTEM32\WINMMBASE.dll
0x00007ffd516b0000 - 0x00007ffd516fa000 	C:\WINDOWS\System32\cfgmgr32.dll
0x0000000050430000 - 0x000000005043f000 	C:\Program Files\Java\jre1.8.0_191\bin\verify.dll
0x0000000050220000 - 0x0000000050249000 	C:\Program Files\Java\jre1.8.0_191\bin\java.dll
0x0000000050200000 - 0x0000000050216000 	C:\Program Files\Java\jre1.8.0_191\bin\zip.dll
0x00007ffd53e00000 - 0x00007ffd544e5000 	C:\WINDOWS\System32\SHELL32.dll
0x00007ffd53340000 - 0x00007ffd533e9000 	C:\WINDOWS\System32\shcore.dll
0x00007ffd51b20000 - 0x00007ffd5229f000 	C:\WINDOWS\System32\windows.storage.dll
0x00007ffd51690000 - 0x00007ffd516af000 	C:\WINDOWS\System32\profapi.dll
0x00007ffd51620000 - 0x00007ffd5166a000 	C:\WINDOWS\System32\powrprof.dll
0x00007ffd515f0000 - 0x00007ffd51600000 	C:\WINDOWS\System32\UMPDC.dll
0x00007ffd54550000 - 0x00007ffd545a2000 	C:\WINDOWS\System32\shlwapi.dll
0x00007ffd51600000 - 0x00007ffd51611000 	C:\WINDOWS\System32\kernel.appcore.dll
0x00007ffd522a0000 - 0x00007ffd522b7000 	C:\WINDOWS\System32\cryptsp.dll
0x0000000077ba0000 - 0x0000000077d39000 	C:\Program Files\Java\jre1.8.0_191\bin\awt.dll
0x00007ffd545b0000 - 0x00007ffd54674000 	C:\WINDOWS\System32\OLEAUT32.dll
0x00007ffd4e010000 - 0x00007ffd4e09f000 	C:\WINDOWS\SYSTEM32\apphelp.dll
0x00007ffd4fd70000 - 0x00007ffd4fd9d000 	C:\WINDOWS\system32\DWMAPI.DLL
0x00007ffd4f930000 - 0x00007ffd4f9c9000 	C:\WINDOWS\system32\uxtheme.dll
0x00007ffd36c50000 - 0x00007ffd36da6000 	C:\WINDOWS\system32\opengl32.dll
0x00007ffd36aa0000 - 0x00007ffd36acc000 	C:\WINDOWS\SYSTEM32\GLU32.dll
0x00007ffd50260000 - 0x00007ffd50280000 	C:\WINDOWS\SYSTEM32\dxcore.dll
0x00007ffd53c70000 - 0x00007ffd53da6000 	C:\WINDOWS\System32\MSCTF.dll
0x00007ffd157f0000 - 0x00007ffd15812000 	C:\Users\TAYLOR~1\AppData\Local\Temp\B2A6.tmp
0x00007ffd528f0000 - 0x00007ffd52a46000 	C:\WINDOWS\System32\ole32.dll
0x00007ffd51030000 - 0x00007ffd5103c000 	C:\WINDOWS\SYSTEM32\CRYPTBASE.DLL
0x0000000050130000 - 0x0000000050177000 	C:\Program Files\Java\jre1.8.0_191\bin\fontmanager.dll
0x00000000501e0000 - 0x00000000501fa000 	C:\Program Files\Java\jre1.8.0_191\bin\net.dll
0x00007ffd50e60000 - 0x00007ffd50ec7000 	C:\WINDOWS\system32\mswsock.dll
0x00000000501c0000 - 0x00000000501d1000 	C:\Program Files\Java\jre1.8.0_191\bin\nio.dll
0x00000000500e0000 - 0x0000000050122000 	C:\Program Files\Java\jre1.8.0_191\bin\t2k.dll
0x00007ffd29fb0000 - 0x00007ffd2a04e000 	C:\WINDOWS\System32\TextInputFramework.dll
0x00007ffd4b760000 - 0x00007ffd4ba8a000 	C:\WINDOWS\System32\CoreUIComponents.dll
0x00007ffd4de20000 - 0x00007ffd4def4000 	C:\WINDOWS\System32\CoreMessaging.dll
0x00007ffd50700000 - 0x00007ffd50731000 	C:\WINDOWS\SYSTEM32\ntmarta.dll
0x00007ffd4e350000 - 0x00007ffd4e4a3000 	C:\WINDOWS\SYSTEM32\wintypes.dll
0x00007ffd29710000 - 0x00007ffd29775000 	C:\WINDOWS\system32\Oleacc.dll
0x00007ffd3f980000 - 0x00007ffd3fc26000 	C:\WINDOWS\System32\iertutil.dll
0x00007ffd53160000 - 0x00007ffd53202000 	C:\WINDOWS\System32\clbcatq.dll
0x00007ffd4f5f0000 - 0x00007ffd4f7e4000 	C:\WINDOWS\SYSTEM32\dbghelp.dll

VM Arguments:
jvm_args: -Dfile.encoding=Cp1252 
java_command: sp.Launcher
java_class_path (initial): C:\Users\Taylor Cox\Eclipse Workspaces\cs-3733-software-engineering\IP2\bin
Launcher Type: SUN_STANDARD

Environment Variables:
PATH=C:/Program Files/Java/jre1.8.0_191/bin/server;C:/Program Files/Java/jre1.8.0_191/bin;C:/Program Files/Java/jre1.8.0_191/lib/amd64;C:\Program Files (x86)\Python37-32\Scripts\;C:\Program Files (x86)\Python37-32\;C:\Program Files (x86)\Common Files\Oracle\Java\javapath;C:\WINDOWS\system32;C:\WINDOWS;C:\WINDOWS\System32\Wbem;C:\WINDOWS\System32\WindowsPowerShell\v1.0\;C:\WINDOWS\System32\OpenSSH\;C:\Program Files\Git\cmd;C:\Program Files\PuTTY\;C:\Users\Taylor Cox\AppData\Local\Microsoft\WindowsApps;C:\Users\Taylor Cox\AppData\Local\Programs\Microsoft VS Code\bin;C:\MinGW\bin;C:\Program Files\JetBrains\PyCharm Community Edition 2019.1.3\bin;;C:\Users\Taylor Cox\AppData\Local\Microsoft\WindowsApps;;C:\Users\Taylor Cox\eclipse\java-2019-09\eclipse;
USERNAME=Taylor Cox
OS=Windows_NT
PROCESSOR_IDENTIFIER=Intel64 Family 6 Model 142 Stepping 10, GenuineIntel



---------------  S Y S T E M  ---------------

OS: Windows 10.0 , 64 bit Build 18362 (10.0.18362.329)

CPU:total 8 (initial active 8) (4 cores per cpu, 2 threads per core) family 6 model 142 stepping 10, cmov, cx8, fxsr, mmx, sse, sse2, sse3, ssse3, sse4.1, sse4.2, popcnt, avx, avx2, aes, clmul, erms, 3dnowpref, lzcnt, ht, tsc, tscinvbit, bmi1, bmi2, adx

Memory: 4k page, physical 8311804k(2136268k free), swap 16038464k(5495896k free)

vm_info: Java HotSpot(TM) 64-Bit Server VM (25.191-b12) for windows-amd64 JRE (1.8.0_191-b12), built on Oct  6 2018 09:29:03 by "java_re" with MS VC++ 10.0 (VS2010)

time: Sun Nov 03 10:13:24 2019
elapsed time: 62 seconds (0d 0h 1m 2s)

