#
# A fatal error has been detected by the Java Runtime Environment:
#
#  EXCEPTION_ACCESS_VIOLATION (0xc0000005) at pc=0x00007ffd157f1f0f, pid=12280, tid=0x0000000000001594
#
# JRE version: Java(TM) SE Runtime Environment (8.0_191-b12) (build 1.8.0_191-b12)
# Java VM: Java HotSpot(TM) 64-Bit Server VM (25.191-b12 mixed mode windows-amd64 compressed oops)
# Problematic frame:
# C  [B2A6.tmp+0x1f0f]
#
# Failed to write core dump. Minidumps are not enabled by default on client versions of Windows
#
# If you would like to submit a bug report, please visit:
#   http://bugreport.java.com/bugreport/crash.jsp
#

---------------  T H R E A D  ---------------

Current thread (0x0000000017839800):  VMThread [stack: 0x0000000019520000,0x0000000019620000] [id=5524]

siginfo: ExceptionCode=0xc0000005, reading address 0x00007ffd4a543000

Registers:
RAX=0x00007ffd4a542ff0, RBX=0x000000007ffe0385, RCX=0x0000000000937428, RDX=0x0000000000000000
RSP=0x000000001961f160, RBP=0x00000000176c5400, RSI=0x00007ffd157f0000, RDI=0x0000000000000000
R8 =0x0000000000000001, R9 =0x00007ffd547bfab0, R10=0x000000007ffe0384, R11=0x000000001961f230
R12=0x00007ffd157f22e4, R13=0x0000000000dd1658, R14=0x0000000000000001, R15=0x0000000000000001
RIP=0x00007ffd157f1f0f, EFLAGS=0x0000000000010246

Top of Stack: (sp=0x000000001961f160)
0x000000001961f160:   00000000197de0b0 0000000050074435
0x000000001961f170:   00000000500749dc 00007ffd54745013
0x000000001961f180:   0000000000000000 00007ffd157f21f9
0x000000001961f190:   0000000000000001 0000000050050000
0x000000001961f1a0:   0000000000dd1658 0000000050074641
0x000000001961f1b0:   0000000000000001 00000000176c5400
0x000000001961f1c0:   0000000000000000 0000000050050000
0x000000001961f1d0:   00007ffd157f0000 000000007ffe0384
0x000000001961f1e0:   0000000000000000 00007ffd547450a1
0x000000001961f1f0:   00007ffd157f0000 0000000000000000
0x000000001961f200:   0000000000000001 000000007ffe0385
0x000000001961f210:   0000000000000001 00007ffd5478af2c
0x000000001961f220:   0000135c23f35700 00000000008bdfc0
0x000000001961f230:   0000000000000000 00007ffd157f22e4
0x000000001961f240:   0000000000000000 00000000008c6ca0
0x000000001961f250:   0000000000dd1600 00007ffd5478ab02 

Instructions: (pc=0x00007ffd157f1f0f)
0x00007ffd157f1eef:   01 00 00 00 48 83 c4 28 c3 85 d2 75 3a 83 3d 11
0x00007ffd157f1eff:   ac 01 00 01 75 31 48 8b 0d fc ab 01 00 48 8b 01
0x00007ffd157f1f0f:   ff 50 10 48 8b 0d ff ab 01 00 48 8b 01 ff 50 10
0x00007ffd157f1f1f:   48 8b 0d da ab 01 00 48 8b 01 ff 50 10 c7 05 de 


Register to memory mapping:

RAX=0x00007ffd4a542ff0 is an unknown value
RBX=0x000000007ffe0385 is an unknown value
RCX=0x0000000000937428 is an unknown value
RDX=0x0000000000000000 is an unknown value
RSP=0x000000001961f160 is an unknown value
RBP=0x00000000176c5400 is an unknown value
RSI=0x00007ffd157f0000 is an unknown value
RDI=0x0000000000000000 is an unknown value
R8 =0x0000000000000001 is an unknown value
R9 =0x00007ffd547bfab0 is an unknown value
R10=0x000000007ffe0384 is an unknown value
R11=0x000000001961f230 is an unknown value
R12=0x00007ffd157f22e4 is an unknown value
R13=0x0000000000dd1658 is an unknown value
R14=0x0000000000000001 is an unknown value
R15=0x0000000000000001 is an unknown value


Stack: [0x0000000019520000,0x0000000019620000],  sp=0x000000001961f160,  free space=1020k
Native frames: (J=compiled Java code, j=interpreted, Vv=VM code, C=native code)
C  [B2A6.tmp+0x1f0f]
C  [B2A6.tmp+0x21f9]
C  [ntdll.dll+0x250a1]
C  [ntdll.dll+0x6ab02]
C  [ntdll.dll+0x6a9ad]
C  [KERNEL32.DLL+0x1cd8a]
C  [msvcr100.dll+0x20ccd]
V  [jvm.dll+0x213e05]
V  [jvm.dll+0x24d0c7]
V  [jvm.dll+0x24c366]
V  [jvm.dll+0x24c801]
V  [jvm.dll+0x24ca1e]
V  [jvm.dll+0x29eb9a]
C  [msvcr100.dll+0x21d9f]
C  [msvcr100.dll+0x21e3b]
C  [KERNEL32.DLL+0x17bd4]
C  [ntdll.dll+0x6ced1]

VM_Operation (0x000000001c72d0a0): Exit, mode: safepoint, requested by thread 0x000000001a70a800


---------------  P R O C E S S  ---------------

Java Threads: ( => current thread )
  0x0000000000dde000 JavaThread "DestroyJavaVM" [_thread_blocked, id=20792, stack(0x0000000002620000,0x0000000002720000)]
  0x000000001a70a800 JavaThread "AWT-EventQueue-0" [_thread_blocked, id=20032, stack(0x000000001c630000,0x000000001c730000)]
  0x000000001a6f4800 JavaThread "AWT-Shutdown" [_thread_blocked, id=17348, stack(0x000000001afd0000,0x000000001b0d0000)]
  0x000000001a6f3800 JavaThread "Java2D Disposer" daemon [_thread_blocked, id=1476, stack(0x000000001ae60000,0x000000001af60000)]
  0x0000000019801800 JavaThread "Service Thread" daemon [_thread_blocked, id=8880, stack(0x000000001a320000,0x000000001a420000)]
  0x000000001975f000 JavaThread "C1 CompilerThread3" daemon [_thread_blocked, id=20008, stack(0x000000001a220000,0x000000001a320000)]
  0x0000000019754800 JavaThread "C2 CompilerThread2" daemon [_thread_blocked, id=16088, stack(0x000000001a120000,0x000000001a220000)]
  0x000000001974c800 JavaThread "C2 CompilerThread1" daemon [_thread_blocked, id=3416, stack(0x000000001a020000,0x000000001a120000)]
  0x0000000019749000 JavaThread "C2 CompilerThread0" daemon [_thread_blocked, id=5592, stack(0x0000000019f20000,0x000000001a020000)]
  0x0000000019747000 JavaThread "Attach Listener" daemon [_thread_blocked, id=11848, stack(0x0000000019e20000,0x0000000019f20000)]
  0x000000001784e000 JavaThread "Signal Dispatcher" daemon [_thread_blocked, id=14464, stack(0x0000000019d20000,0x0000000019e20000)]
  0x0000000002839800 JavaThread "Finalizer" daemon [_thread_blocked, id=12848, stack(0x0000000019b20000,0x0000000019c20000)]
  0x0000000002838000 JavaThread "Reference Handler" daemon [_thread_blocked, id=3224, stack(0x0000000019620000,0x0000000019720000)]

Other Threads:
=>0x0000000017839800 VMThread [stack: 0x0000000019520000,0x0000000019620000] [id=5524]

VM state:at safepoint (shutting down)

VM Mutex/Monitor currently owned by a thread:  ([mutex/lock_event])
[0x0000000000ddd560] Threads_lock - owner thread: 0x0000000017839800

Heap:
 PSYoungGen      total 38400K, used 7987K [0x00000000d5b80000, 0x00000000d8600000, 0x0000000100000000)
  eden space 33280K, 24% used [0x00000000d5b80000,0x00000000d634cfa0,0x00000000d7c00000)
  from space 5120K, 0% used [0x00000000d8100000,0x00000000d8100000,0x00000000d8600000)
  to   space 5120K, 0% used [0x00000000d7c00000,0x00000000d7c00000,0x00000000d8100000)
 ParOldGen       total 87552K, used 0K [0x0000000081200000, 0x0000000086780000, 0x00000000d5b80000)
  object space 87552K, 0% used [0x0000000081200000,0x0000000081200000,0x0000000086780000)
 Metaspace       used 9510K, capacity 9690K, committed 9984K, reserved 1058816K
  class space    used 1156K, capacity 1224K, committed 1280K, reserved 1048576K

Card table byte_map: [0x0000000011c00000,0x0000000012000000] byte_map_base: 0x00000000117f7000

Marking Bits: (ParMarkBitMap*) 0x0000000077673e30
 Begin Bits: [0x0000000012ab0000, 0x0000000014a68000)
 End Bits:   [0x0000000014a68000, 0x0000000016a20000)

Polling page: 0x0000000000890000

CodeCache: size=245760Kb used=2655Kb max_used=2655Kb free=243104Kb
 bounds [0x0000000002840000, 0x0000000002ae0000, 0x0000000011840000]
 total_blobs=1076 nmethods=624 adapters=365
 compilation: enabled

Compilation events (10 events):
Event: 50.806 Thread 0x000000001975f000  619       3       sun.awt.im.InputContext::dispatchEvent (173 bytes)
Event: 50.809 Thread 0x000000001975f000 nmethod 619 0x0000000002ad0350 code [0x0000000002ad06a0, 0x0000000002ad29e8]
Event: 50.809 Thread 0x000000001975f000  620       3       sun.awt.windows.WToolkit::showOrHideTouchKeyboard (199 bytes)
Event: 50.812 Thread 0x000000001975f000 nmethod 620 0x0000000002ad3310 code [0x0000000002ad3640, 0x0000000002ad5598]
Event: 50.862 Thread 0x0000000019754800  621       4       java.util.ArrayList$Itr::next (66 bytes)
Event: 50.863 Thread 0x0000000019754800 nmethod 621 0x0000000002ad8cd0 code [0x0000000002ad8e20, 0x0000000002ad8f38]
Event: 50.911 Thread 0x000000001975f000  622       3       java.awt.LightweightDispatcher::trackMouseEnterExit (111 bytes)
Event: 50.912 Thread 0x000000001975f000 nmethod 622 0x0000000002ad78d0 code [0x0000000002ad7ae0, 0x0000000002ad8778]
Event: 51.893 Thread 0x000000001975f000  623       3       sun.awt.windows.WComponentPeer::handleJavaMouseEvent (76 bytes)
Event: 51.895 Thread 0x000000001975f000 nmethod 623 0x0000000002ad6350 code [0x0000000002ad6580, 0x0000000002ad73b8]

GC Heap History (0 events):
No events

Deoptimization events (1 events):
Event: 0.210 Thread 0x0000000000dde000 Uncommon trap: reason=null_check action=make_not_entrant pc=0x00000000029b0c14 method=java.lang.String.equals(Ljava/lang/Object;)Z @ 8

Classes redefined (0 events):
No events

Internal exceptions (10 events):
Event: 0.031 Thread 0x0000000000dde000 Exception <a 'java/lang/NoSuchMethodError': Method sun.misc.Unsafe.prefetchRead(Ljava/lang/Object;J)V name or signature does not match> (0x00000000d5b87f98) thrown at [C:\re\workspace\8-2-build-windows-amd64-cygwin\jdk8u191\11896\hotspot\src\share\vm\prim
Event: 0.098 Thread 0x0000000000dde000 Exception <a 'java/security/PrivilegedActionException'> (0x00000000d5c0e3b8) thrown at [C:\re\workspace\8-2-build-windows-amd64-cygwin\jdk8u191\11896\hotspot\src\share\vm\prims\jvm.cpp, line 1435]
Event: 0.098 Thread 0x0000000000dde000 Exception <a 'java/security/PrivilegedActionException'> (0x00000000d5c0e5c8) thrown at [C:\re\workspace\8-2-build-windows-amd64-cygwin\jdk8u191\11896\hotspot\src\share\vm\prims\jvm.cpp, line 1435]
Event: 0.099 Thread 0x0000000000dde000 Exception <a 'java/security/PrivilegedActionException'> (0x00000000d5c12238) thrown at [C:\re\workspace\8-2-build-windows-amd64-cygwin\jdk8u191\11896\hotspot\src\share\vm\prims\jvm.cpp, line 1435]
Event: 0.099 Thread 0x0000000000dde000 Exception <a 'java/security/PrivilegedActionException'> (0x00000000d5c12448) thrown at [C:\re\workspace\8-2-build-windows-amd64-cygwin\jdk8u191\11896\hotspot\src\share\vm\prims\jvm.cpp, line 1435]
Event: 0.107 Thread 0x0000000000dde000 Exception <a 'java/io/FileNotFoundException'> (0x00000000d5c14a20) thrown at [C:\re\workspace\8-2-build-windows-amd64-cygwin\jdk8u191\11896\hotspot\src\share\vm\prims\jni.cpp, line 709]
Event: 0.145 Thread 0x0000000000dde000 Exception <a 'java/lang/NoSuchFieldError': method resolution failed> (0x00000000d5d8b8f8) thrown at [C:\re\workspace\8-2-build-windows-amd64-cygwin\jdk8u191\11896\hotspot\src\share\vm\prims\methodHandles.cpp, line 1167]
Event: 0.147 Thread 0x0000000000dde000 Exception <a 'java/lang/NoSuchFieldError': method resolution failed> (0x00000000d5d98cc8) thrown at [C:\re\workspace\8-2-build-windows-amd64-cygwin\jdk8u191\11896\hotspot\src\share\vm\prims\methodHandles.cpp, line 1167]
Event: 0.181 Thread 0x0000000000dde000 Exception <a 'java/io/FileNotFoundException'> (0x00000000d5e320f0) thrown at [C:\re\workspace\8-2-build-windows-amd64-cygwin\jdk8u191\11896\hotspot\src\share\vm\prims\jni.cpp, line 709]
Event: 0.210 Thread 0x0000000000dde000 Implicit null exception at 0x00000000029b0a5b to 0x00000000029b0c05

Events (10 events):
Event: 4.130 Executing VM operation: EnableBiasedLocking
Event: 4.130 Executing VM operation: EnableBiasedLocking done
Event: 24.454 loading class java/awt/LightweightDispatcher$2
Event: 24.454 loading class java/awt/LightweightDispatcher$2 done
Event: 53.247 Thread 0x000000001ac6f800 Thread added: 0x000000001ac6f800
Event: 53.247 Thread 0x000000001a68c000 Thread added: 0x000000001a68c000
Event: 53.248 Thread 0x000000001a68c000 Thread exited: 0x000000001a68c000
Event: 53.279 Thread 0x000000001a6f7000 Thread exited: 0x000000001a6f7000
Event: 53.350 Thread 0x000000001ac6f800 Thread exited: 0x000000001ac6f800
Event: 53.350 Executing VM operation: Exit


Dynamic libraries:
0x00007ff6943c0000 - 0x00007ff6943f7000 	C:\Program Files\Java\jre1.8.0_191\bin\javaw.exe
0x00007ffd54720000 - 0x00007ffd54910000 	C:\WINDOWS\SYSTEM32\ntdll.dll
0x00007ffd52c00000 - 0x00007ffd52cb2000 	C:\WINDOWS\System32\KERNEL32.DLL
0x00007ffd522f0000 - 0x00007ffd52593000 	C:\WINDOWS\System32\KERNELBASE.dll
0x00007ffd53bc0000 - 0x00007ffd53c63000 	C:\WINDOWS\System32\ADVAPI32.dll
0x00007ffd532a0000 - 0x00007ffd5333e000 	C:\WINDOWS\System32\msvcrt.dll
0x00007ffd534c0000 - 0x00007ffd53557000 	C:\WINDOWS\System32\sechost.dll
0x00007ffd527d0000 - 0x00007ffd528f0000 	C:\WINDOWS\System32\RPCRT4.dll
0x00007ffd535e0000 - 0x00007ffd53774000 	C:\WINDOWS\System32\USER32.dll
0x00007ffd522c0000 - 0x00007ffd522e1000 	C:\WINDOWS\System32\win32u.dll
0x00007ffd53dd0000 - 0x00007ffd53df6000 	C:\WINDOWS\System32\GDI32.dll
0x00007ffd51790000 - 0x00007ffd51924000 	C:\WINDOWS\System32\gdi32full.dll
0x00007ffd51930000 - 0x00007ffd519ce000 	C:\WINDOWS\System32\msvcp_win.dll
0x00007ffd526d0000 - 0x00007ffd527ca000 	C:\WINDOWS\System32\ucrtbase.dll
0x00007ffd402f0000 - 0x00007ffd40575000 	C:\WINDOWS\WinSxS\amd64_microsoft.windows.common-controls_6595b64144ccf1df_6.0.18362.418_none_e6c6b287130d565d\COMCTL32.dll
0x00007ffd53780000 - 0x00007ffd53ab6000 	C:\WINDOWS\System32\combase.dll
0x00007ffd525a0000 - 0x00007ffd52620000 	C:\WINDOWS\System32\bcryptPrimitives.dll
0x00007ffd53130000 - 0x00007ffd5315e000 	C:\WINDOWS\System32\IMM32.DLL
0x00000000500a0000 - 0x0000000050172000 	C:\Program Files\Java\jre1.8.0_191\bin\msvcr100.dll
0x0000000076e50000 - 0x00000000776f4000 	C:\Program Files\Java\jre1.8.0_191\bin\server\jvm.dll
0x00007ffd53290000 - 0x00007ffd53298000 	C:\WINDOWS\System32\PSAPI.DLL
0x00007ffd35030000 - 0x00007ffd35039000 	C:\WINDOWS\SYSTEM32\WSOCK32.dll
0x00007ffd4d6d0000 - 0x00007ffd4d6f4000 	C:\WINDOWS\SYSTEM32\WINMM.dll
0x00007ffd482e0000 - 0x00007ffd482ea000 	C:\WINDOWS\SYSTEM32\VERSION.dll
0x00007ffd53210000 - 0x00007ffd5327f000 	C:\WINDOWS\System32\WS2_32.dll
0x00007ffd4cfe0000 - 0x00007ffd4d00d000 	C:\WINDOWS\SYSTEM32\WINMMBASE.dll
0x00007ffd516b0000 - 0x00007ffd516fa000 	C:\WINDOWS\System32\cfgmgr32.dll
0x0000000050430000 - 0x000000005043f000 	C:\Program Files\Java\jre1.8.0_191\bin\verify.dll
0x0000000050220000 - 0x0000000050249000 	C:\Program Files\Java\jre1.8.0_191\bin\java.dll
0x0000000050200000 - 0x0000000050216000 	C:\Program Files\Java\jre1.8.0_191\bin\zip.dll
0x00007ffd53e00000 - 0x00007ffd544e5000 	C:\WINDOWS\System32\SHELL32.dll
0x00007ffd53340000 - 0x00007ffd533e9000 	C:\WINDOWS\System32\shcore.dll
0x00007ffd51b20000 - 0x00007ffd5229f000 	C:\WINDOWS\System32\windows.storage.dll
0x00007ffd51690000 - 0x00007ffd516af000 	C:\WINDOWS\System32\profapi.dll
0x00007ffd51620000 - 0x00007ffd5166a000 	C:\WINDOWS\System32\powrprof.dll
0x00007ffd515f0000 - 0x00007ffd51600000 	C:\WINDOWS\System32\UMPDC.dll
0x00007ffd54550000 - 0x00007ffd545a2000 	C:\WINDOWS\System32\shlwapi.dll
0x00007ffd51600000 - 0x00007ffd51611000 	C:\WINDOWS\System32\kernel.appcore.dll
0x00007ffd522a0000 - 0x00007ffd522b7000 	C:\WINDOWS\System32\cryptsp.dll
0x0000000077ba0000 - 0x0000000077d39000 	C:\Program Files\Java\jre1.8.0_191\bin\awt.dll
0x00007ffd545b0000 - 0x00007ffd54674000 	C:\WINDOWS\System32\OLEAUT32.dll
0x00007ffd4e010000 - 0x00007ffd4e09f000 	C:\WINDOWS\SYSTEM32\apphelp.dll
0x00007ffd4fd70000 - 0x00007ffd4fd9d000 	C:\WINDOWS\system32\DWMAPI.DLL
0x00007ffd4f930000 - 0x00007ffd4f9c9000 	C:\WINDOWS\system32\uxtheme.dll
0x00007ffd36c50000 - 0x00007ffd36da6000 	C:\WINDOWS\system32\opengl32.dll
0x00007ffd36aa0000 - 0x00007ffd36acc000 	C:\WINDOWS\SYSTEM32\GLU32.dll
0x00007ffd50260000 - 0x00007ffd50280000 	C:\WINDOWS\SYSTEM32\dxcore.dll
0x00007ffd53c70000 - 0x00007ffd53da6000 	C:\WINDOWS\System32\MSCTF.dll
0x00007ffd157f0000 - 0x00007ffd15812000 	C:\Users\TAYLOR~1\AppData\Local\Temp\B2A6.tmp
0x00007ffd528f0000 - 0x00007ffd52a46000 	C:\WINDOWS\System32\ole32.dll
0x00007ffd51030000 - 0x00007ffd5103c000 	C:\WINDOWS\SYSTEM32\CRYPTBASE.DLL
0x0000000050050000 - 0x0000000050097000 	C:\Program Files\Java\jre1.8.0_191\bin\fontmanager.dll
0x00000000501e0000 - 0x00000000501fa000 	C:\Program Files\Java\jre1.8.0_191\bin\net.dll
0x00007ffd50e60000 - 0x00007ffd50ec7000 	C:\WINDOWS\system32\mswsock.dll
0x00000000501c0000 - 0x00000000501d1000 	C:\Program Files\Java\jre1.8.0_191\bin\nio.dll
0x0000000050000000 - 0x0000000050042000 	C:\Program Files\Java\jre1.8.0_191\bin\t2k.dll
0x00007ffd29fb0000 - 0x00007ffd2a04e000 	C:\WINDOWS\System32\TextInputFramework.dll
0x00007ffd4b760000 - 0x00007ffd4ba8a000 	C:\WINDOWS\System32\CoreUIComponents.dll
0x00007ffd4de20000 - 0x00007ffd4def4000 	C:\WINDOWS\System32\CoreMessaging.dll
0x00007ffd50700000 - 0x00007ffd50731000 	C:\WINDOWS\SYSTEM32\ntmarta.dll
0x00007ffd4e350000 - 0x00007ffd4e4a3000 	C:\WINDOWS\SYSTEM32\wintypes.dll
0x00007ffd29710000 - 0x00007ffd29775000 	C:\WINDOWS\system32\Oleacc.dll
0x00007ffd3f980000 - 0x00007ffd3fc26000 	C:\WINDOWS\System32\iertutil.dll
0x00007ffd53160000 - 0x00007ffd53202000 	C:\WINDOWS\System32\clbcatq.dll
0x00007ffd4f5f0000 - 0x00007ffd4f7e4000 	C:\WINDOWS\SYSTEM32\dbghelp.dll

VM Arguments:
jvm_args: -Dfile.encoding=Cp1252 
java_command: sp.Launcher
java_class_path (initial): C:\Users\Taylor Cox\Eclipse Workspaces\cs-3733-software-engineering\IP2\bin
Launcher Type: SUN_STANDARD

Environment Variables:
PATH=C:/Program Files/Java/jre1.8.0_191/bin/server;C:/Program Files/Java/jre1.8.0_191/bin;C:/Program Files/Java/jre1.8.0_191/lib/amd64;C:\Program Files (x86)\Python37-32\Scripts\;C:\Program Files (x86)\Python37-32\;C:\Program Files (x86)\Common Files\Oracle\Java\javapath;C:\WINDOWS\system32;C:\WINDOWS;C:\WINDOWS\System32\Wbem;C:\WINDOWS\System32\WindowsPowerShell\v1.0\;C:\WINDOWS\System32\OpenSSH\;C:\Program Files\Git\cmd;C:\Program Files\PuTTY\;C:\Users\Taylor Cox\AppData\Local\Microsoft\WindowsApps;C:\Users\Taylor Cox\AppData\Local\Programs\Microsoft VS Code\bin;C:\MinGW\bin;C:\Program Files\JetBrains\PyCharm Community Edition 2019.1.3\bin;;C:\Users\Taylor Cox\AppData\Local\Microsoft\WindowsApps;;C:\Users\Taylor Cox\eclipse\java-2019-09\eclipse;
USERNAME=Taylor Cox
OS=Windows_NT
PROCESSOR_IDENTIFIER=Intel64 Family 6 Model 142 Stepping 10, GenuineIntel



---------------  S Y S T E M  ---------------

OS: Windows 10.0 , 64 bit Build 18362 (10.0.18362.329)

CPU:total 8 (initial active 8) (4 cores per cpu, 2 threads per core) family 6 model 142 stepping 10, cmov, cx8, fxsr, mmx, sse, sse2, sse3, ssse3, sse4.1, sse4.2, popcnt, avx, avx2, aes, clmul, erms, 3dnowpref, lzcnt, ht, tsc, tscinvbit, bmi1, bmi2, adx

Memory: 4k page, physical 8311804k(2714104k free), swap 16012372k(6651756k free)

vm_info: Java HotSpot(TM) 64-Bit Server VM (25.191-b12) for windows-amd64 JRE (1.8.0_191-b12), built on Oct  6 2018 09:29:03 by "java_re" with MS VC++ 10.0 (VS2010)

time: Mon Nov 04 09:39:42 2019
elapsed time: 53 seconds (0d 0h 0m 53s)

